C:\Program Files (x86)\Microsoft Visual Studio\2019\Enterprise\MSBuild\Microsoft\VC\v160\Microsoft.CppBuild.targets(467,5): warning MSB8028: The intermediate directory (Debug\) contains files shared from another project (05-ScenceManager.vcxproj).  This can lead to incorrect clean and rebuild behavior.
  Animations.cpp
  Brick.cpp
  Candle.cpp
  Koopas.cpp
  Portal.cpp
C:\Users\viett\Desktop\Game3\05-ScenceManager\Portal.cpp(9,16): warning C4244: '=': conversion from 'float' to 'int', possible loss of data
C:\Users\viett\Desktop\Game3\05-ScenceManager\Portal.cpp(10,17): warning C4244: '=': conversion from 'float' to 'int', possible loss of data
  Simon.cpp
  TileMap.cpp
C:\Users\viett\Desktop\Game3\05-ScenceManager\TileMap.cpp(45,17): warning C4244: 'initializing': conversion from 'float' to 'int', possible loss of data
C:\Users\viett\Desktop\Game3\05-ScenceManager\TileMap.cpp(48,16): warning C4244: 'initializing': conversion from 'float' to 'int', possible loss of data
C:\Users\viett\Desktop\Game3\05-ScenceManager\TileMap.cpp(55,16): warning C4244: 'initializing': conversion from 'int' to 'float', possible loss of data
C:\Users\viett\Desktop\Game3\05-ScenceManager\TileMap.cpp(56,16): warning C4244: 'initializing': conversion from 'int' to 'float', possible loss of data
  Utils.cpp
  Game.cpp
C:\Users\viett\Desktop\Game3\05-ScenceManager\Game.cpp(82,38): warning C4244: 'argument': conversion from 'int' to 'FLOAT', possible loss of data
  GameObject.cpp
  main.cpp
C:\Users\viett\Desktop\Game3\05-ScenceManager\main.cpp(34,1): warning C4005: 'SCREEN_HEIGHT': macro redefinition
C:\Users\viett\Desktop\Game3\05-ScenceManager\TileMap.h(11): message : see previous definition of 'SCREEN_HEIGHT'
  PlayScence.cpp
C:\Users\viett\Desktop\Game3\05-ScenceManager\PlayScence.cpp(90,20): warning C4018: '<': signed/unsigned mismatch
C:\Users\viett\Desktop\Game3\05-ScenceManager\PlayScence.cpp(112,20): warning C4018: '<': signed/unsigned mismatch
C:\Users\viett\Desktop\Game3\05-ScenceManager\PlayScence.cpp(135,10): warning C4244: 'initializing': conversion from 'double' to 'float', possible loss of data
C:\Users\viett\Desktop\Game3\05-ScenceManager\PlayScence.cpp(136,10): warning C4244: 'initializing': conversion from 'double' to 'float', possible loss of data
C:\Users\viett\Desktop\Game3\05-ScenceManager\PlayScence.cpp(163,12): warning C4244: 'initializing': conversion from 'double' to 'float', possible loss of data
C:\Users\viett\Desktop\Game3\05-ScenceManager\PlayScence.cpp(164,12): warning C4244: 'initializing': conversion from 'double' to 'float', possible loss of data
C:\Users\viett\Desktop\Game3\05-ScenceManager\PlayScence.cpp(306,20): warning C4018: '<': signed/unsigned mismatch
C:\Users\viett\Desktop\Game3\05-ScenceManager\PlayScence.cpp(326,20): warning C4018: '<': signed/unsigned mismatch
  Scence.cpp
  Sprites.cpp
  Textures.cpp
  Whip.cpp
  Generating Code...
  05-ScenceManager.vcxproj -> C:\Users\viett\Desktop\Game3\05-ScenceManager\Debug\Castlevania NES.exe
