c:\users\viett\desktop\game3\gamedev intro tutorrial scene manager\05-scencemanager\debug\vc142.pdb
c:\users\viett\desktop\game3\gamedev intro tutorrial scene manager\05-scencemanager\debug\vc142.idb
c:\users\viett\desktop\game3\gamedev intro tutorrial scene manager\05-scencemanager\debug\textures.obj
c:\users\viett\desktop\game3\gamedev intro tutorrial scene manager\05-scencemanager\debug\sprites.obj
c:\users\viett\desktop\game3\gamedev intro tutorrial scene manager\05-scencemanager\debug\scence.obj
c:\users\viett\desktop\game3\gamedev intro tutorrial scene manager\05-scencemanager\debug\playscence.obj
c:\users\viett\desktop\game3\gamedev intro tutorrial scene manager\05-scencemanager\debug\main.obj
c:\users\viett\desktop\game3\gamedev intro tutorrial scene manager\05-scencemanager\debug\gameobject.obj
c:\users\viett\desktop\game3\gamedev intro tutorrial scene manager\05-scencemanager\debug\game.obj
c:\users\viett\desktop\game3\gamedev intro tutorrial scene manager\05-scencemanager\debug\utils.obj
c:\users\viett\desktop\game3\gamedev intro tutorrial scene manager\05-scencemanager\debug\tilemap.obj
c:\users\viett\desktop\game3\gamedev intro tutorrial scene manager\05-scencemanager\debug\simon.obj
c:\users\viett\desktop\game3\gamedev intro tutorrial scene manager\05-scencemanager\debug\portal.obj
c:\users\viett\desktop\game3\gamedev intro tutorrial scene manager\05-scencemanager\debug\koopas.obj
c:\users\viett\desktop\game3\gamedev intro tutorrial scene manager\05-scencemanager\debug\candle.obj
c:\users\viett\desktop\game3\gamedev intro tutorrial scene manager\05-scencemanager\debug\brick.obj
c:\users\viett\desktop\game3\gamedev intro tutorrial scene manager\05-scencemanager\debug\animations.obj
c:\users\viett\desktop\game3\gamedev intro tutorrial scene manager\debug\05-scencemanager.exe
c:\users\viett\desktop\game3\gamedev intro tutorrial scene manager\debug\05-scencemanager.ilk
c:\users\viett\desktop\game3\gamedev intro tutorrial scene manager\debug\05-scencemanager.pdb
c:\users\viett\desktop\game3\gamedev intro tutorrial scene manager\05-scencemanager\debug\05-scencemanager.tlog\cl.command.1.tlog
c:\users\viett\desktop\game3\gamedev intro tutorrial scene manager\05-scencemanager\debug\05-scencemanager.tlog\cl.read.1.tlog
c:\users\viett\desktop\game3\gamedev intro tutorrial scene manager\05-scencemanager\debug\05-scencemanager.tlog\cl.write.1.tlog
c:\users\viett\desktop\game3\gamedev intro tutorrial scene manager\05-scencemanager\debug\05-scencemanager.tlog\link.command.1.tlog
c:\users\viett\desktop\game3\gamedev intro tutorrial scene manager\05-scencemanager\debug\05-scencemanager.tlog\link.read.1.tlog
c:\users\viett\desktop\game3\gamedev intro tutorrial scene manager\05-scencemanager\debug\05-scencemanager.tlog\link.write.1.tlog
